<?xml version="1.0" encoding="UTF-8"?>
<!-- Generated by org.testng.reporters.JUnitReportReporter -->
<testsuite skipped="0" hostname="WINVA185060-0WA" name="com.newtours.tests.BookFlightTest" tests="20" failures="0" timestamp="18 Dec 2019 09:05:45 GMT" time="62.909" errors="0">
  <testcase name="flightConfirmationPage" time="1.905" classname="com.newtours.tests.BookFlightTest"/>
  <testcase name="flightDetailsPage" time="1.563" classname="com.newtours.tests.BookFlightTest"/>
  <testcase name="registrationConfirmationPage" time="1.503" classname="com.newtours.tests.BookFlightTest"/>
  <testcase name="registrationPage" time="6.143" classname="com.newtours.tests.BookFlightTest"/>
  <testcase name="registrationConfirmationPage" time="1.823" classname="com.newtours.tests.BookFlightTest"/>
  <testcase name="flightDetailsPage" time="1.699" classname="com.newtours.tests.BookFlightTest"/>
  <testcase name="flightDetailsPage" time="2.005" classname="com.newtours.tests.BookFlightTest"/>
  <testcase name="registrationPage" time="5.619" classname="com.newtours.tests.BookFlightTest"/>
  <testcase name="flightConfirmationPage" time="1.769" classname="com.newtours.tests.BookFlightTest"/>
  <testcase name="flightDetailsPage" time="1.772" classname="com.newtours.tests.BookFlightTest"/>
  <testcase name="findFlightPage" time="4.411" classname="com.newtours.tests.BookFlightTest"/>
  <testcase name="registrationPage" time="7.152" classname="com.newtours.tests.BookFlightTest"/>
  <testcase name="findFlightPage" time="4.330" classname="com.newtours.tests.BookFlightTest"/>
  <testcase name="findFlightPage" time="4.235" classname="com.newtours.tests.BookFlightTest"/>
  <testcase name="flightConfirmationPage" time="1.875" classname="com.newtours.tests.BookFlightTest"/>
  <testcase name="registrationConfirmationPage" time="2.056" classname="com.newtours.tests.BookFlightTest"/>
  <testcase name="registrationPage" time="4.453" classname="com.newtours.tests.BookFlightTest"/>
  <testcase name="flightConfirmationPage" time="1.844" classname="com.newtours.tests.BookFlightTest"/>
  <testcase name="findFlightPage" time="4.590" classname="com.newtours.tests.BookFlightTest"/>
  <testcase name="registrationConfirmationPage" time="2.162" classname="com.newtours.tests.BookFlightTest"/>
</testsuite> <!-- com.newtours.tests.BookFlightTest -->
